================================================================================
ğŸ” AGODA MAGIC PRICE - ìƒì„¸ ë””ë²„ê·¸ ì„¸ì…˜
================================================================================
ğŸ“… ì„¸ì…˜ ì‹œì‘: 2025-08-25 13:51:23
ğŸŒ ì›ë³¸ URL: https://www.agoda.com/ko-kr/galleria-10-sukhumvit-by-compass-hospitality/hotel/bangkok-th.html?countryId=106&finalPriceView=1&isShowMobileAppPrice=false&cid=1729471&numberOfBedrooms=&familyMode=false&adults=2&children=0&rooms=1&maxRooms=0&checkIn=2025-09-10&isCalendarCallout=false&childAges=&numberOfGuest=0&missingChildAges=false&travellerType=1&showReviewSubmissionEntry=false&currencyCode=KRW&isFreeOccSearch=false&los=1&searchrequestid=85c08a46-cfe1-43d2-a2b6-f2cfe97594d8
ğŸ’± ì›ë³¸ í†µí™”: KRW
ğŸ“Š ì²˜ë¦¬í•  CID ì´ ê°œìˆ˜: 17

================================================================================
ğŸš€ ìŠ¤í¬ë˜í•‘ ì‹œì‘
================================================================================

[13:51:23] 
============================================================
[13:51:23] ğŸ“ ë‹¨ê³„ 1/17: ì‹œí¬ë¦¿ì°½ (CID: -1)
[13:51:23] ğŸŒ ì ‘ì† URL: https://www.agoda.com/ko-kr/galleria-10-sukhumvit-by-compass-hospitality/hotel/bangkok-th.html?countryId=106&finalPriceView=1&isShowMobileAppPrice=false&familyMode=false&adults=2&children=0&maxRooms=0&rooms=1&checkIn=2025-09-10&isCalendarCallout=false&childAges=&numberOfGuest=0&missingChildAges=false&travellerType=1&showReviewSubmissionEntry=false&currencyCode=KRW&isFreeOccSearch=false&los=1&searchrequestid=85c08a46-cfe1-43d2-a2b6-f2cfe97594d8&cid=-1&numberOfBedrooms=
[13:51:23] ============================================================
[13:51:23] ğŸ”§ Chrome ë¸Œë¼ìš°ì € ì˜µì…˜ ì„¤ì • ì¤‘...
[13:51:23] âœ… Chrome ì˜µì…˜ ì„¤ì • ì™„ë£Œ
[13:51:23] ğŸš€ ì›¹í˜ì´ì§€ ì ‘ì† ì‹œì‘...
[13:51:23] ğŸ” í™˜ê²½ ì§„ë‹¨ ì‹œì‘...
[13:51:23] ğŸŒ Chromium ë²„ì „: Chromium 138.0.7204.100
[13:51:23] ğŸš— ChromeDriver ë²„ì „: ChromeDriver 138.0.7204.100 (5f45b4744e3d5ba82c2ca6d942f1e7a516110752-refs/tags/138.0.7204.100@{#0})
[13:51:23] ğŸ Python ë²„ì „: 3.11.13 (main, Jun  3 2025, 18:38:25) [GCC 14.3.0]
[13:51:23] ğŸ’» ì‘ì—… ë””ë ‰í† ë¦¬: /home/runner/workspace
[13:51:23] ğŸ”’ ì‹¤í–‰ ì‚¬ìš©ì: runner
[13:51:23] ğŸ’¾ ë©”ëª¨ë¦¬ ìƒíƒœ:
               total        used        free      shared  buff/cache   available
Mem:            62Gi        54Gi       1.1Gi        32Mi       8.4Gi       8.7Gi
Swap:             0B          0B          0B

[13:51:23] â„¹ï¸ ì‹¤í–‰ ì¤‘ì¸ Chrome í”„ë¡œì„¸ìŠ¤ ì—†ìŒ
[13:51:23] âš¡ Chrome ë“œë¼ì´ë²„ ì‹¤í–‰ ì¤‘...
[13:51:24] âŒ ìŠ¤í¬ë˜í•‘ ì¤‘ ì˜¤ë¥˜ ë°œìƒ: Message: invalid argument: cannot parse capability: goog:chromeOptions
from invalid argument: cannot parse mobileEmulation
from invalid argument: 'iPhone 12' must be a valid device
from unknown error: must be a valid device
Stacktrace:
#0 0x56119bb9654e base::debug::StackTrace::StackTrace()
#1 0x56119b61e736 Status::Status()
#2 0x56119b6105a5 MobileDevice::FindMobileDevice()
#3 0x56119b64f4e5 _ZN12_GLOBAL__N_120ParseMobileEmulationERKN4base5ValueEP12Capabilities.fd473e64e356d91d7f37226da323abbe
#4 0x56119b64cbb5 base::internal::Invoker<>::Run()
#5 0x56119b64c33c _ZN12_GLOBAL__N_118ParseChromeOptionsERKN4base5ValueEP12Capabilities.fd473e64e356d91d7f37226da323abbe
#6 0x56119b64cbb5 base::internal::Invoker<>::Run()
#7 0x56119b64850a Capabilities::Parse()
#8 0x56119b6a342e ProcessCapabilities()
#9 0x56119b6a2d50 internal::ConfigureSession()
#10 0x56119b6a499d (anonymous namespace)::InitSessionHelper()
#11 0x56119b6a4736 ExecuteInitSession()
#12 0x56119b6953b3 base::internal::Invoker<>::Run()
#13 0x56119b660b31 _ZN12_GLOBAL__N_136ExecuteSessionCommandOnSessionThreadEPKcRKNSt4__Cr12basic_stringIcNS2_11char_traitsIcEENS2_9allocatorIcEEEERKN4base17RepeatingCallbackIF6StatusP7SessionRKNSB_9DictValueEPNS2_10unique_ptrINSB_5ValueENS2_14default_deleteISK_EEEEEEEbbSI_13scoped_refptrINSB_22SingleThreadTaskRunnerEERKNSC_IFvRKSD_SN_SA_bEEE.c2d79fcaf9d3f4de329075124162d84e
#14 0x56119b661841 base::internal::Invoker<>::RunOnce()
#15 0x56119bb64241 base::TaskAnnotator::RunTaskImpl()
#16 0x56119bb67781 base::sequence_manager::internal::ThreadControllerWithMessagePumpImpl::DoWorkImpl()
#17 0x56119bb671d8 base::sequence_manager::internal::ThreadControllerWithMessagePumpImpl::DoWork()
#18 0x56119bb67c25 base::sequence_manager::internal::ThreadControllerWithMessagePumpImpl::DoWork()
#19 0x56119bb504db base::MessagePumpDefault::Run()
#20 0x56119bb67ff9 base::sequence_manager::internal::ThreadControllerWithMessagePumpImpl::Run()
#21 0x56119bb39bf5 base::RunLoop::Run()
#22 0x56119bb84858 base::Thread::Run()
#23 0x56119bb84a7d base::Thread::ThreadMain()
#24 0x56119bb958ec _ZN4base12_GLOBAL__N_110ThreadFuncEPv.a67435033112019129ad5c28ddc47327
#25 0x7f959d44dea3 start_thread

[13:51:24] ğŸ“‹ ìƒì„¸ ì˜¤ë¥˜:
Traceback (most recent call last):
  File "/home/runner/workspace/scraper.py", line 145, in scrape_prices_simple
    driver = webdriver.Chrome(options=chrome_options)
             ^^^^^^^^^^^^^^^^^^^^^^^^^^^^^^^^^^^^^^^^
  File "/home/runner/workspace/.pythonlibs/lib/python3.11/site-packages/selenium/webdriver/chrome/webdriver.py", line 47, in __init__
    super().__init__(
  File "/home/runner/workspace/.pythonlibs/lib/python3.11/site-packages/selenium/webdriver/chromium/webdriver.py", line 69, in __init__
    super().__init__(command_executor=executor, options=options)
  File "/home/runner/workspace/.pythonlibs/lib/python3.11/site-packages/selenium/webdriver/remote/webdriver.py", line 263, in __init__
    self.start_session(capabilities)
  File "/home/runner/workspace/.pythonlibs/lib/python3.11/site-packages/selenium/webdriver/remote/webdriver.py", line 366, in start_session
    response = self.execute(Command.NEW_SESSION, caps)["value"]
               ^^^^^^^^^^^^^^^^^^^^^^^^^^^^^^^^^^^^^^^
  File "/home/runner/workspace/.pythonlibs/lib/python3.11/site-packages/selenium/webdriver/remote/webdriver.py", line 458, in execute
    self.error_handler.check_response(response)
  File "/home/runner/workspace/.pythonlibs/lib/python3.11/site-packages/selenium/webdriver/remote/errorhandler.py", line 232, in check_response
    raise exception_class(message, screen, stacktrace)
selenium.common.exceptions.InvalidArgumentException: Message: invalid argument: cannot parse capability: goog:chromeOptions
from invalid argument: cannot parse mobileEmulation
from invalid argument: 'iPhone 12' must be a valid device
from unknown error: must be a valid device
Stacktrace:
#0 0x56119bb9654e base::debug::StackTrace::StackTrace()
#1 0x56119b61e736 Status::Status()
#2 0x56119b6105a5 MobileDevice::FindMobileDevice()
#3 0x56119b64f4e5 _ZN12_GLOBAL__N_120ParseMobileEmulationERKN4base5ValueEP12Capabilities.fd473e64e356d91d7f37226da323abbe
#4 0x56119b64cbb5 base::internal::Invoker<>::Run()
#5 0x56119b64c33c _ZN12_GLOBAL__N_118ParseChromeOptionsERKN4base5ValueEP12Capabilities.fd473e64e356d91d7f37226da323abbe
#6 0x56119b64cbb5 base::internal::Invoker<>::Run()
#7 0x56119b64850a Capabilities::Parse()
#8 0x56119b6a342e ProcessCapabilities()
#9 0x56119b6a2d50 internal::ConfigureSession()
#10 0x56119b6a499d (anonymous namespace)::InitSessionHelper()
#11 0x56119b6a4736 ExecuteInitSession()
#12 0x56119b6953b3 base::internal::Invoker<>::Run()
#13 0x56119b660b31 _ZN12_GLOBAL__N_136ExecuteSessionCommandOnSessionThreadEPKcRKNSt4__Cr12basic_stringIcNS2_11char_traitsIcEENS2_9allocatorIcEEEERKN4base17RepeatingCallbackIF6StatusP7SessionRKNSB_9DictValueEPNS2_10unique_ptrINSB_5ValueENS2_14default_deleteISK_EEEEEEEbbSI_13scoped_refptrINSB_22SingleThreadTaskRunnerEERKNSC_IFvRKSD_SN_SA_bEEE.c2d79fcaf9d3f4de329075124162d84e
#14 0x56119b661841 base::internal::Invoker<>::RunOnce()
#15 0x56119bb64241 base::TaskAnnotator::RunTaskImpl()
#16 0x56119bb67781 base::sequence_manager::internal::ThreadControllerWithMessagePumpImpl::DoWorkImpl()
#17 0x56119bb671d8 base::sequence_manager::internal::ThreadControllerWithMessagePumpImpl::DoWork()
#18 0x56119bb67c25 base::sequence_manager::internal::ThreadControllerWithMessagePumpImpl::DoWork()
#19 0x56119bb504db base::MessagePumpDefault::Run()
#20 0x56119bb67ff9 base::sequence_manager::internal::ThreadControllerWithMessagePumpImpl::Run()
#21 0x56119bb39bf5 base::RunLoop::Run()
#22 0x56119bb84858 base::Thread::Run()
#23 0x56119bb84a7d base::Thread::ThreadMain()
#24 0x56119bb958ec _ZN4base12_GLOBAL__N_110ThreadFuncEPv.a67435033112019129ad5c28ddc47327
#25 0x7f959d44dea3 start_thread


